0 info it worked if it ends with ok
1 verbose cli [ '/usr/local/bin/node', '/usr/local/bin/npm', 'run', 'start' ]
2 info using npm@4.1.2
3 info using node@v7.5.0
4 verbose run-script [ 'prestart', 'start', 'poststart' ]
5 info lifecycle todolist@1.0.0~prestart: todolist@1.0.0
6 silly lifecycle todolist@1.0.0~prestart: no script for prestart, continuing
7 info lifecycle todolist@1.0.0~start: todolist@1.0.0
8 verbose lifecycle todolist@1.0.0~start: unsafe-perm in lifecycle true
9 verbose lifecycle todolist@1.0.0~start: PATH: /usr/local/lib/node_modules/npm/bin/node-gyp-bin:/home/praveen/Study/Practice/Node/todoListApi/node_modules/.bin:/home/praveen/.rvm/gems/ruby-2.2.0/bin:/home/praveen/.rvm/gems/ruby-2.2.0@global/bin:/home/praveen/.rvm/rubies/ruby-2.2.0/bin:/home/praveen/bin:/usr/local/sbin:/usr/local/bin:/usr/sbin:/usr/bin:/sbin:/bin:/usr/games:/usr/local/games:/snap/bin:/usr/local/java/jdk1.8.0_121/jre/bin:/usr/local/java/jdk1.8.0_121/bin:/home/praveen/.rvm/bin:/home/praveen/Sdk/tools:/home/praveen/Sdk/platform-tools:/home/praveen/Android/Sdk/tools:/home/praveen/Android/Sdk/platform-tools
10 verbose lifecycle todolist@1.0.0~start: CWD: /home/praveen/Study/Practice/Node/todoListApi
11 silly lifecycle todolist@1.0.0~start: Args: [ '-c', 'node server.js' ]
12 silly lifecycle todolist@1.0.0~start: Returned: code: 137  signal: null
13 info lifecycle todolist@1.0.0~start: Failed to exec start script
14 verbose stack Error: todolist@1.0.0 start: `node server.js`
14 verbose stack Exit status 137
14 verbose stack     at EventEmitter.<anonymous> (/usr/local/lib/node_modules/npm/lib/utils/lifecycle.js:279:16)
14 verbose stack     at emitTwo (events.js:106:13)
14 verbose stack     at EventEmitter.emit (events.js:192:7)
14 verbose stack     at ChildProcess.<anonymous> (/usr/local/lib/node_modules/npm/lib/utils/spawn.js:40:14)
14 verbose stack     at emitTwo (events.js:106:13)
14 verbose stack     at ChildProcess.emit (events.js:192:7)
14 verbose stack     at maybeClose (internal/child_process.js:890:16)
14 verbose stack     at Process.ChildProcess._handle.onexit (internal/child_process.js:226:5)
15 verbose pkgid todolist@1.0.0
16 verbose cwd /home/praveen/Study/Practice/Node/todoListApi
17 error Linux 4.4.0-71-generic
18 error argv "/usr/local/bin/node" "/usr/local/bin/npm" "run" "start"
19 error node v7.5.0
20 error npm  v4.1.2
21 error code ELIFECYCLE
22 error todolist@1.0.0 start: `node server.js`
22 error Exit status 137
23 error Failed at the todolist@1.0.0 start script 'node server.js'.
23 error Make sure you have the latest version of node.js and npm installed.
23 error If you do, this is most likely a problem with the todolist package,
23 error not with npm itself.
23 error Tell the author that this fails on your system:
23 error     node server.js
23 error You can get information on how to open an issue for this project with:
23 error     npm bugs todolist
23 error Or if that isn't available, you can get their info via:
23 error     npm owner ls todolist
23 error There is likely additional logging output above.
24 verbose exit [ 1, true ]
